
========================================
[EMAIL SENT - 2026-06-28T11:09:20.670Z]
Recipient: nnnx02@gmail.com
Subject: 🚨 ALERTE INVESTIR : 12 opportunités d'Achat Spéculatif détectées
Text Body:
Alertes d'Achat Spéculatif - Investir les Echos

1. Advicenne allège sa dette et sécurise son horizon
   Conseil : Achat spéculatif (Prix d'entrée: 1.08 EUR, Objectif: 1.7 EUR)
   Lien : https://investir.lesechos.fr/conseils-boursiers/conseils-actions/advicenne-allege-sa-dette-et-securise-son-horizon-2239427
   Description : La restructuration d'une partie de la dette étatique et le nouveau financement redonnent de l'oxygène à la biotech. Le marché peut désormais se focaliser sur l'échéance réglementaire américaine pour Sibnayal prévue en septembre. Nous sommes acheteur spéculatif avec un objectif de 1,11 euros.

2. Emeis et Clariane équipés pour résister à la canicule
   Conseil : Achat spéculatif (Prix d'entrée: 4.25 EUR, Objectif: 6 EUR)
   Lien : https://investir.lesechos.fr/conseils-boursiers/conseils-actions/emeis-et-clariane-equipes-pour-resister-a-la-canicule-2239238
   Description : Pour jouer le redressement financier

3. Eramet, des spéculations, mais l'Etat français reste au centre du jeu
   Conseil : Achat spéculatif (Prix d'entrée: 46.6 EUR, Objectif: 65 EUR)
   Lien : https://investir.lesechos.fr/conseils-boursiers/conseils-actions/eramet-des-speculations-mais-letat-francais-reste-au-centre-du-jeu-2239167
   Description : Le groupe devrait parvenir à convaincre des fonds souverains de rentrer dans son capital et l'Etat français, selon nous, sera amené à 'mouiller sa chemise'. La réussite de la levée de fonds à laquelle nous croyons constitue un prérequis pour une revalorisation de l'action.

4. Surfant sur les annonces de Sébastien Lecornu au sujet de la souveraineté numérique, LightOn s'immisce dans les institutions publiques françaises
   Conseil : Achat spéculatif (Prix d'entrée: 5.95 EUR, Objectif: 7.5 EUR)
   Lien : https://investir.lesechos.fr/conseils-boursiers/conseils-actions/surfant-sur-les-annonces-de-sebastien-lecornu-au-sujet-de-la-souverainete-numerique-lighton-simmisce-dans-les-institutions-publiques-francaises-2238459
   Description : Les entreprises et organisations publiques françaises ont accumulé une vaste dette technologique et vont devoir mettre les bouchées doubles, ces prochaines années, pour sécuriser leurs environnements informatiques. Nous misons sur le fait que LightOn en profitera en accumulant les contrats, notamment sur son volet IA souveraine.

5. Soitec connaît un renouveau en Bourse grâce à la montée en puissance de la photonique
   Conseil : Achat spéculatif (Prix d'entrée: 139.9 EUR, Objectif: 180 EUR)
   Lien : https://investir.lesechos.fr/conseils-boursiers/conseils-actions/soitec-connait-un-renouveau-en-bourse-grace-a-la-montee-en-puissance-de-la-photonique-2238447
   Description : Nous misons sur l'essor de la photonique, toujours avec une certaine prudence en raison de résultats financiers précédemment décevants.

6. Moderna pourrait commercialiser bientôt le premier vaccin à ARN messager conte la grippe saisonnière
   Conseil : Achat spéculatif (Prix d'entrée: 63 USD, Objectif: 85 USD)
   Lien : https://investir.lesechos.fr/conseils-boursiers/conseils-actions/moderna-pourrait-commercialiser-bientot-le-premier-vaccin-a-arn-messager-conte-la-grippe-saisonniere-2238187
   Description : Malgré  le doublement de l'action depuis janvier qui reste 80 % en dessous de ses sommets atteints au coeur de la pandémie du Covid, nous continuons à parier sur de potentiels proches succès cliniques « de rupture».

7. Advicenne allège sa dette et sécurise son horizon
   Conseil : Achat spéculatif (Prix d'entrée: 1.08 EUR, Objectif: 1.7 EUR)
   Lien : https://investir.lesechos.fr/conseils-boursiers/conseils-actions/advicenne-allege-sa-dette-et-securise-son-horizon-2239427
   Description : La restructuration d'une partie de la dette étatique et le nouveau financement redonnent de l'oxygène à la biotech. Le marché peut désormais se focaliser sur l'échéance réglementaire américaine pour Sibnayal prévue en septembre. Nous sommes acheteur spéculatif avec un objectif de 1,11 euros.

8. Emeis et Clariane équipés pour résister à la canicule
   Conseil : Achat spéculatif (Prix d'entrée: 4.25 EUR, Objectif: 6 EUR)
   Lien : https://investir.lesechos.fr/conseils-boursiers/conseils-actions/emeis-et-clariane-equipes-pour-resister-a-la-canicule-2239238
   Description : Pour jouer le redressement financier

9. Eramet, des spéculations, mais l'Etat français reste au centre du jeu
   Conseil : Achat spéculatif (Prix d'entrée: 46.6 EUR, Objectif: 65 EUR)
   Lien : https://investir.lesechos.fr/conseils-boursiers/conseils-actions/eramet-des-speculations-mais-letat-francais-reste-au-centre-du-jeu-2239167
   Description : Le groupe devrait parvenir à convaincre des fonds souverains de rentrer dans son capital et l'Etat français, selon nous, sera amené à 'mouiller sa chemise'. La réussite de la levée de fonds à laquelle nous croyons constitue un prérequis pour une revalorisation de l'action.

10. Surfant sur les annonces de Sébastien Lecornu au sujet de la souveraineté numérique, LightOn s'immisce dans les institutions publiques françaises
   Conseil : Achat spéculatif (Prix d'entrée: 5.95 EUR, Objectif: 7.5 EUR)
   Lien : https://investir.lesechos.fr/conseils-boursiers/conseils-actions/surfant-sur-les-annonces-de-sebastien-lecornu-au-sujet-de-la-souverainete-numerique-lighton-simmisce-dans-les-institutions-publiques-francaises-2238459
   Description : Les entreprises et organisations publiques françaises ont accumulé une vaste dette technologique et vont devoir mettre les bouchées doubles, ces prochaines années, pour sécuriser leurs environnements informatiques. Nous misons sur le fait que LightOn en profitera en accumulant les contrats, notamment sur son volet IA souveraine.

11. Soitec connaît un renouveau en Bourse grâce à la montée en puissance de la photonique
   Conseil : Achat spéculatif (Prix d'entrée: 139.9 EUR, Objectif: 180 EUR)
   Lien : https://investir.lesechos.fr/conseils-boursiers/conseils-actions/soitec-connait-un-renouveau-en-bourse-grace-a-la-montee-en-puissance-de-la-photonique-2238447
   Description : Nous misons sur l'essor de la photonique, toujours avec une certaine prudence en raison de résultats financiers précédemment décevants.

12. Moderna pourrait commercialiser bientôt le premier vaccin à ARN messager conte la grippe saisonnière
   Conseil : Achat spéculatif (Prix d'entrée: 63 USD, Objectif: 85 USD)
   Lien : https://investir.lesechos.fr/conseils-boursiers/conseils-actions/moderna-pourrait-commercialiser-bientot-le-premier-vaccin-a-arn-messager-conte-la-grippe-saisonniere-2238187
   Description : Malgré  le doublement de l'action depuis janvier qui reste 80 % en dessous de ses sommets atteints au coeur de la pandémie du Covid, nous continuons à parier sur de potentiels proches succès cliniques « de rupture».


----------------------------------------
HTML Body (Raw):

<!DOCTYPE html>
<html>
<head>
  <meta charset="utf-8">
  <meta name="viewport" content="width=device-width, initial-scale=1.0">
  <title>Alerte Investir</title>
  <style>
    body {
      font-family: 'Segoe UI', Tahoma, Geneva, Verdana, sans-serif;
      background-color: #f4f6f8;
      color: #041624;
      margin: 0;
      padding: 0;
    }
    .wrapper {
      width: 100%;
      background-color: #f4f6f8;
      padding: 20px 0;
    }
    .container {
      max-width: 600px;
      margin: 0 auto;
      background-color: #ffffff;
      border-radius: 12px;
      overflow: hidden;
      box-shadow: 0 4px 15px rgba(0, 85, 165, 0.08);
      border: 1px solid #dce5f1;
    }
    .header {
      background-color: #082a44;
      background-image: linear-gradient(135deg, #082a44 0%, #1b74b3 100%);
      color: #ffffff;
      padding: 30px 24px;
      text-align: center;
    }
    .header h1 {
      margin: 0;
      font-size: 24px;
      font-weight: 700;
      letter-spacing: 0.5px;
    }
    .header p {
      margin: 8px 0 0 0;
      font-size: 14px;
      color: #b1c1d5;
    }
    .content {
      padding: 24px;
    }
    .intro {
      font-size: 16px;
      line-height: 1.5;
      margin-bottom: 24px;
    }
    .card {
      background-color: #f2f7ff;
      border-left: 4px solid #009f6a;
      border-radius: 4px 8px 8px 4px;
      padding: 20px;
      margin-bottom: 24px;
      border-top: 1px solid #dce5f1;
      border-right: 1px solid #dce5f1;
      border-bottom: 1px solid #dce5f1;
    }
    .card-title {
      font-size: 18px;
      font-weight: 700;
      color: #082a44;
      margin-top: 0;
      margin-bottom: 10px;
    }
    .badge {
      display: inline-block;
      background-color: #009f6a;
      color: #ffffff;
      font-size: 12px;
      font-weight: bold;
      padding: 4px 8px;
      border-radius: 4px;
      text-transform: uppercase;
      margin-bottom: 12px;
    }
    .details {
      font-size: 14px;
      margin-bottom: 12px;
      color: #315271;
    }
    .details span {
      font-weight: 600;
      color: #082a44;
    }
    .description {
      font-size: 14px;
      line-height: 1.5;
      color: #4f6c8d;
      background-color: #ffffff;
      padding: 12px;
      border-radius: 6px;
      border: 1px dashed #c7d3e3;
      margin-top: 12px;
    }
    .btn-container {
      text-align: center;
      margin-top: 20px;
    }
    .btn {
      display: inline-block;
      background-color: #1b74b3;
      color: #ffffff !important;
      text-decoration: none;
      padding: 12px 24px;
      font-size: 14px;
      font-weight: bold;
      border-radius: 30px;
      box-shadow: 0 4px 10px rgba(27, 116, 179, 0.2);
    }
    .footer {
      background-color: #f4f6f8;
      padding: 20px;
      text-align: center;
      font-size: 12px;
      color: #859db9;
      border-top: 1px solid #dce5f1;
    }
    .footer a {
      color: #1b74b3;
      text-decoration: none;
    }
  </style>
</head>
<body>
  <div class="wrapper">
    <div class="container">
      <div class="header">
        <h1>Opportunité Spéculative Détectée</h1>
        <p>Surveillance Investir - Les Echos</p>
      </div>
      <div class="content">
        <p class="intro">Bonjour,</p>
        <p class="intro">Le scraper automatique a détecté le(s) conseil(s) d'<strong>Achat Spéculatif</strong> suivant(s) sur le site d'Investir :</p>
        
        
          <div class="card">
            <span class="badge">Achat spéculatif</span>
            <h3 class="card-title">Advicenne allège sa dette et sécurise son horizon</h3>
            <div class="details">
              <div>📈 Conseil : <span>Achat spéculatif</span></div>
              <div>💰 Cours à la date du conseil : <span>1.08 EUR</span></div>
              <div>🎯 Objectif de cours : <span>1.7 EUR</span></div>
              <div>📅 Date : <span>26/06/2026 16:04</span></div>
            </div>
            <div class="description">
              <strong>Analyse de la rédaction :</strong><br>
              La restructuration d'une partie de la dette étatique et le nouveau financement redonnent de l'oxygène à la biotech. Le marché peut désormais se focaliser sur l'échéance réglementaire américaine pour Sibnayal prévue en septembre. Nous sommes acheteur spéculatif avec un objectif de 1,11 euros.
            </div>
            <div class="btn-container">
              <a href="https://investir.lesechos.fr/conseils-boursiers/conseils-actions/advicenne-allege-sa-dette-et-securise-son-horizon-2239427" target="_blank" class="btn">Consulter l'article sur Investir</a>
            </div>
          </div>
        
          <div class="card">
            <span class="badge">Achat spéculatif</span>
            <h3 class="card-title">Emeis et Clariane équipés pour résister à la canicule</h3>
            <div class="details">
              <div>📈 Conseil : <span>Achat spéculatif</span></div>
              <div>💰 Cours à la date du conseil : <span>4.25 EUR</span></div>
              <div>🎯 Objectif de cours : <span>6 EUR</span></div>
              <div>📅 Date : <span>25/06/2026 18:31</span></div>
            </div>
            <div class="description">
              <strong>Analyse de la rédaction :</strong><br>
              Pour jouer le redressement financier
            </div>
            <div class="btn-container">
              <a href="https://investir.lesechos.fr/conseils-boursiers/conseils-actions/emeis-et-clariane-equipes-pour-resister-a-la-canicule-2239238" target="_blank" class="btn">Consulter l'article sur Investir</a>
            </div>
          </div>
        
          <div class="card">
            <span class="badge">Achat spéculatif</span>
            <h3 class="card-title">Eramet, des spéculations, mais l'Etat français reste au centre du jeu</h3>
            <div class="details">
              <div>📈 Conseil : <span>Achat spéculatif</span></div>
              <div>💰 Cours à la date du conseil : <span>46.6 EUR</span></div>
              <div>🎯 Objectif de cours : <span>65 EUR</span></div>
              <div>📅 Date : <span>25/06/2026 15:34</span></div>
            </div>
            <div class="description">
              <strong>Analyse de la rédaction :</strong><br>
              Le groupe devrait parvenir à convaincre des fonds souverains de rentrer dans son capital et l'Etat français, selon nous, sera amené à 'mouiller sa chemise'. La réussite de la levée de fonds à laquelle nous croyons constitue un prérequis pour une revalorisation de l'action.
            </div>
            <div class="btn-container">
              <a href="https://investir.lesechos.fr/conseils-boursiers/conseils-actions/eramet-des-speculations-mais-letat-francais-reste-au-centre-du-jeu-2239167" target="_blank" class="btn">Consulter l'article sur Investir</a>
            </div>
          </div>
        
          <div class="card">
            <span class="badge">Achat spéculatif</span>
            <h3 class="card-title">Surfant sur les annonces de Sébastien Lecornu au sujet de la souveraineté numérique, LightOn s'immisce dans les institutions publiques françaises</h3>
            <div class="details">
              <div>📈 Conseil : <span>Achat spéculatif</span></div>
              <div>💰 Cours à la date du conseil : <span>5.95 EUR</span></div>
              <div>🎯 Objectif de cours : <span>7.5 EUR</span></div>
              <div>📅 Date : <span>22/06/2026 14:56</span></div>
            </div>
            <div class="description">
              <strong>Analyse de la rédaction :</strong><br>
              Les entreprises et organisations publiques françaises ont accumulé une vaste dette technologique et vont devoir mettre les bouchées doubles, ces prochaines années, pour sécuriser leurs environnements informatiques. Nous misons sur le fait que LightOn en profitera en accumulant les contrats, notamment sur son volet IA souveraine.
            </div>
            <div class="btn-container">
              <a href="https://investir.lesechos.fr/conseils-boursiers/conseils-actions/surfant-sur-les-annonces-de-sebastien-lecornu-au-sujet-de-la-souverainete-numerique-lighton-simmisce-dans-les-institutions-publiques-francaises-2238459" target="_blank" class="btn">Consulter l'article sur Investir</a>
            </div>
          </div>
        
          <div class="card">
            <span class="badge">Achat spéculatif</span>
            <h3 class="card-title">Soitec connaît un renouveau en Bourse grâce à la montée en puissance de la photonique</h3>
            <div class="details">
              <div>📈 Conseil : <span>Achat spéculatif</span></div>
              <div>💰 Cours à la date du conseil : <span>139.9 EUR</span></div>
              <div>🎯 Objectif de cours : <span>180 EUR</span></div>
              <div>📅 Date : <span>22/06/2026 14:15</span></div>
            </div>
            <div class="description">
              <strong>Analyse de la rédaction :</strong><br>
              Nous misons sur l'essor de la photonique, toujours avec une certaine prudence en raison de résultats financiers précédemment décevants.
            </div>
            <div class="btn-container">
              <a href="https://investir.lesechos.fr/conseils-boursiers/conseils-actions/soitec-connait-un-renouveau-en-bourse-grace-a-la-montee-en-puissance-de-la-photonique-2238447" target="_blank" class="btn">Consulter l'article sur Investir</a>
            </div>
          </div>
        
          <div class="card">
            <span class="badge">Achat spéculatif</span>
            <h3 class="card-title">Moderna pourrait commercialiser bientôt le premier vaccin à ARN messager conte la grippe saisonnière</h3>
            <div class="details">
              <div>📈 Conseil : <span>Achat spéculatif</span></div>
              <div>💰 Cours à la date du conseil : <span>63 USD</span></div>
              <div>🎯 Objectif de cours : <span>85 USD</span></div>
              <div>📅 Date : <span>19/06/2026 15:39</span></div>
            </div>
            <div class="description">
              <strong>Analyse de la rédaction :</strong><br>
              Malgré  le doublement de l'action depuis janvier qui reste 80 % en dessous de ses sommets atteints au coeur de la pandémie du Covid, nous continuons à parier sur de potentiels proches succès cliniques « de rupture».
            </div>
            <div class="btn-container">
              <a href="https://investir.lesechos.fr/conseils-boursiers/conseils-actions/moderna-pourrait-commercialiser-bientot-le-premier-vaccin-a-arn-messager-conte-la-grippe-saisonniere-2238187" target="_blank" class="btn">Consulter l'article sur Investir</a>
            </div>
          </div>
        
          <div class="card">
            <span class="badge">Achat spéculatif</span>
            <h3 class="card-title">Advicenne allège sa dette et sécurise son horizon</h3>
            <div class="details">
              <div>📈 Conseil : <span>Achat spéculatif</span></div>
              <div>💰 Cours à la date du conseil : <span>1.08 EUR</span></div>
              <div>🎯 Objectif de cours : <span>1.7 EUR</span></div>
              <div>📅 Date : <span>26/06/2026 16:04</span></div>
            </div>
            <div class="description">
              <strong>Analyse de la rédaction :</strong><br>
              La restructuration d'une partie de la dette étatique et le nouveau financement redonnent de l'oxygène à la biotech. Le marché peut désormais se focaliser sur l'échéance réglementaire américaine pour Sibnayal prévue en septembre. Nous sommes acheteur spéculatif avec un objectif de 1,11 euros.
            </div>
            <div class="btn-container">
              <a href="https://investir.lesechos.fr/conseils-boursiers/conseils-actions/advicenne-allege-sa-dette-et-securise-son-horizon-2239427" target="_blank" class="btn">Consulter l'article sur Investir</a>
            </div>
          </div>
        
          <div class="card">
            <span class="badge">Achat spéculatif</span>
            <h3 class="card-title">Emeis et Clariane équipés pour résister à la canicule</h3>
            <div class="details">
              <div>📈 Conseil : <span>Achat spéculatif</span></div>
              <div>💰 Cours à la date du conseil : <span>4.25 EUR</span></div>
              <div>🎯 Objectif de cours : <span>6 EUR</span></div>
              <div>📅 Date : <span>25/06/2026 18:31</span></div>
            </div>
            <div class="description">
              <strong>Analyse de la rédaction :</strong><br>
              Pour jouer le redressement financier
            </div>
            <div class="btn-container">
              <a href="https://investir.lesechos.fr/conseils-boursiers/conseils-actions/emeis-et-clariane-equipes-pour-resister-a-la-canicule-2239238" target="_blank" class="btn">Consulter l'article sur Investir</a>
            </div>
          </div>
        
          <div class="card">
            <span class="badge">Achat spéculatif</span>
            <h3 class="card-title">Eramet, des spéculations, mais l'Etat français reste au centre du jeu</h3>
            <div class="details">
              <div>📈 Conseil : <span>Achat spéculatif</span></div>
              <div>💰 Cours à la date du conseil : <span>46.6 EUR</span></div>
              <div>🎯 Objectif de cours : <span>65 EUR</span></div>
              <div>📅 Date : <span>25/06/2026 15:34</span></div>
            </div>
            <div class="description">
              <strong>Analyse de la rédaction :</strong><br>
              Le groupe devrait parvenir à convaincre des fonds souverains de rentrer dans son capital et l'Etat français, selon nous, sera amené à 'mouiller sa chemise'. La réussite de la levée de fonds à laquelle nous croyons constitue un prérequis pour une revalorisation de l'action.
            </div>
            <div class="btn-container">
              <a href="https://investir.lesechos.fr/conseils-boursiers/conseils-actions/eramet-des-speculations-mais-letat-francais-reste-au-centre-du-jeu-2239167" target="_blank" class="btn">Consulter l'article sur Investir</a>
            </div>
          </div>
        
          <div class="card">
            <span class="badge">Achat spéculatif</span>
            <h3 class="card-title">Surfant sur les annonces de Sébastien Lecornu au sujet de la souveraineté numérique, LightOn s'immisce dans les institutions publiques françaises</h3>
            <div class="details">
              <div>📈 Conseil : <span>Achat spéculatif</span></div>
              <div>💰 Cours à la date du conseil : <span>5.95 EUR</span></div>
              <div>🎯 Objectif de cours : <span>7.5 EUR</span></div>
              <div>📅 Date : <span>22/06/2026 14:56</span></div>
            </div>
            <div class="description">
              <strong>Analyse de la rédaction :</strong><br>
              Les entreprises et organisations publiques françaises ont accumulé une vaste dette technologique et vont devoir mettre les bouchées doubles, ces prochaines années, pour sécuriser leurs environnements informatiques. Nous misons sur le fait que LightOn en profitera en accumulant les contrats, notamment sur son volet IA souveraine.
            </div>
            <div class="btn-container">
              <a href="https://investir.lesechos.fr/conseils-boursiers/conseils-actions/surfant-sur-les-annonces-de-sebastien-lecornu-au-sujet-de-la-souverainete-numerique-lighton-simmisce-dans-les-institutions-publiques-francaises-2238459" target="_blank" class="btn">Consulter l'article sur Investir</a>
            </div>
          </div>
        
          <div class="card">
            <span class="badge">Achat spéculatif</span>
            <h3 class="card-title">Soitec connaît un renouveau en Bourse grâce à la montée en puissance de la photonique</h3>
            <div class="details">
              <div>📈 Conseil : <span>Achat spéculatif</span></div>
              <div>💰 Cours à la date du conseil : <span>139.9 EUR</span></div>
              <div>🎯 Objectif de cours : <span>180 EUR</span></div>
              <div>📅 Date : <span>22/06/2026 14:15</span></div>
            </div>
            <div class="description">
              <strong>Analyse de la rédaction :</strong><br>
              Nous misons sur l'essor de la photonique, toujours avec une certaine prudence en raison de résultats financiers précédemment décevants.
            </div>
            <div class="btn-container">
              <a href="https://investir.lesechos.fr/conseils-boursiers/conseils-actions/soitec-connait-un-renouveau-en-bourse-grace-a-la-montee-en-puissance-de-la-photonique-2238447" target="_blank" class="btn">Consulter l'article sur Investir</a>
            </div>
          </div>
        
          <div class="card">
            <span class="badge">Achat spéculatif</span>
            <h3 class="card-title">Moderna pourrait commercialiser bientôt le premier vaccin à ARN messager conte la grippe saisonnière</h3>
            <div class="details">
              <div>📈 Conseil : <span>Achat spéculatif</span></div>
              <div>💰 Cours à la date du conseil : <span>63 USD</span></div>
              <div>🎯 Objectif de cours : <span>85 USD</span></div>
              <div>📅 Date : <span>19/06/2026 15:39</span></div>
            </div>
            <div class="description">
              <strong>Analyse de la rédaction :</strong><br>
              Malgré  le doublement de l'action depuis janvier qui reste 80 % en dessous de ses sommets atteints au coeur de la pandémie du Covid, nous continuons à parier sur de potentiels proches succès cliniques « de rupture».
            </div>
            <div class="btn-container">
              <a href="https://investir.lesechos.fr/conseils-boursiers/conseils-actions/moderna-pourrait-commercialiser-bientot-le-premier-vaccin-a-arn-messager-conte-la-grippe-saisonniere-2238187" target="_blank" class="btn">Consulter l'article sur Investir</a>
            </div>
          </div>
        
        
      </div>
      <div class="footer">
        Cet e-mail a été envoyé automatiquement par le détecteur d'alertes Investir.<br>
        Vous pouvez modifier les paramètres de notification sur le <a href="http://localhost:3000" target="_blank">Dashboard Local</a>.
      </div>
    </div>
  </div>
</body>
</html>

========================================


========================================
[EMAIL SENT - 2026-07-01T13:12:32.510Z]
Recipient: nnnx02@gmail.com
Subject: [SMTP FAIL] 🚨 ALERTE INVESTIR : Achat Spéculatif sur Pépite de la Bourse en Provence-Alpes-Côte d'Azur : plus de 30 % de croissance cette année pour Enogia
Text Body:
Alertes d'Achat Spéculatif - Investir les Echos

1. Pépite de la Bourse en Provence-Alpes-Côte d'Azur : plus de 30 % de croissance cette année pour Enogia
   Conseil : Achat spéculatif (Prix d'entrée: 5.88 EUR, Objectif: 8 EUR)
   Lien : https://investir.lesechos.fr/conseils-boursiers/conseils-actions/pepite-de-la-bourse-en-provence-alpes-cote-dazur-plus-de-30-de-croissance-cette-annee-pour-enogia-2240179
   Description : Le cours a presque doublé en un an malgré les prises de bénéfices de juin. On mettra à profit ce récent recul pour se placer, à titre spéculatif compte tenu de la petite taille de la société. Elle est devenue profitable et opère dans un marché porteur.


----------------------------------------
HTML Body (Raw):

<!DOCTYPE html>
<html>
<head>
  <meta charset="utf-8">
  <meta name="viewport" content="width=device-width, initial-scale=1.0">
  <title>Alerte Investir</title>
  <style>
    body {
      font-family: 'Segoe UI', Tahoma, Geneva, Verdana, sans-serif;
      background-color: #f4f6f8;
      color: #041624;
      margin: 0;
      padding: 0;
    }
    .wrapper {
      width: 100%;
      background-color: #f4f6f8;
      padding: 20px 0;
    }
    .container {
      max-width: 600px;
      margin: 0 auto;
      background-color: #ffffff;
      border-radius: 12px;
      overflow: hidden;
      box-shadow: 0 4px 15px rgba(0, 85, 165, 0.08);
      border: 1px solid #dce5f1;
    }
    .header {
      background-color: #082a44;
      background-image: linear-gradient(135deg, #082a44 0%, #1b74b3 100%);
      color: #ffffff;
      padding: 30px 24px;
      text-align: center;
    }
    .header h1 {
      margin: 0;
      font-size: 24px;
      font-weight: 700;
      letter-spacing: 0.5px;
    }
    .header p {
      margin: 8px 0 0 0;
      font-size: 14px;
      color: #b1c1d5;
    }
    .content {
      padding: 24px;
    }
    .intro {
      font-size: 16px;
      line-height: 1.5;
      margin-bottom: 24px;
    }
    .card {
      background-color: #f2f7ff;
      border-left: 4px solid #009f6a;
      border-radius: 4px 8px 8px 4px;
      padding: 20px;
      margin-bottom: 24px;
      border-top: 1px solid #dce5f1;
      border-right: 1px solid #dce5f1;
      border-bottom: 1px solid #dce5f1;
    }
    .card-title {
      font-size: 18px;
      font-weight: 700;
      color: #082a44;
      margin-top: 0;
      margin-bottom: 10px;
    }
    .badge {
      display: inline-block;
      background-color: #009f6a;
      color: #ffffff;
      font-size: 12px;
      font-weight: bold;
      padding: 4px 8px;
      border-radius: 4px;
      text-transform: uppercase;
      margin-bottom: 12px;
    }
    .details {
      font-size: 14px;
      margin-bottom: 12px;
      color: #315271;
    }
    .details span {
      font-weight: 600;
      color: #082a44;
    }
    .description {
      font-size: 14px;
      line-height: 1.5;
      color: #4f6c8d;
      background-color: #ffffff;
      padding: 12px;
      border-radius: 6px;
      border: 1px dashed #c7d3e3;
      margin-top: 12px;
    }
    .btn-container {
      text-align: center;
      margin-top: 20px;
    }
    .btn {
      display: inline-block;
      background-color: #1b74b3;
      color: #ffffff !important;
      text-decoration: none;
      padding: 12px 24px;
      font-size: 14px;
      font-weight: bold;
      border-radius: 30px;
      box-shadow: 0 4px 10px rgba(27, 116, 179, 0.2);
    }
    .footer {
      background-color: #f4f6f8;
      padding: 20px;
      text-align: center;
      font-size: 12px;
      color: #859db9;
      border-top: 1px solid #dce5f1;
    }
    .footer a {
      color: #1b74b3;
      text-decoration: none;
    }
  </style>
</head>
<body>
  <div class="wrapper">
    <div class="container">
      <div class="header">
        <h1>Opportunité Spéculative Détectée</h1>
        <p>Surveillance Investir - Les Echos</p>
      </div>
      <div class="content">
        <p class="intro">Bonjour,</p>
        <p class="intro">Le scraper automatique a détecté le(s) conseil(s) d'<strong>Achat Spéculatif</strong> suivant(s) sur le site d'Investir :</p>
        
        
          <div class="card">
            <span class="badge">Achat spéculatif</span>
            <h3 class="card-title">Pépite de la Bourse en Provence-Alpes-Côte d'Azur : plus de 30 % de croissance cette année pour Enogia</h3>
            <div class="details">
              <div>📈 Conseil : <span>Achat spéculatif</span></div>
              <div>💰 Cours à la date du conseil : <span>5.88 EUR</span></div>
              <div>🎯 Objectif de cours : <span>8 EUR</span></div>
              <div>📅 Date : <span>01/07/2026 15:00</span></div>
            </div>
            <div class="description">
              <strong>Analyse de la rédaction :</strong><br>
              Le cours a presque doublé en un an malgré les prises de bénéfices de juin. On mettra à profit ce récent recul pour se placer, à titre spéculatif compte tenu de la petite taille de la société. Elle est devenue profitable et opère dans un marché porteur.
            </div>
            <div class="btn-container">
              <a href="https://investir.lesechos.fr/conseils-boursiers/conseils-actions/pepite-de-la-bourse-en-provence-alpes-cote-dazur-plus-de-30-de-croissance-cette-annee-pour-enogia-2240179" target="_blank" class="btn">Consulter l'article sur Investir</a>
            </div>
          </div>
        
        
      </div>
      <div class="footer">
        Cet e-mail a été envoyé automatiquement par le détecteur d'alertes Investir.<br>
        Vous pouvez modifier les paramètres de notification sur la <a href="http://localhost:3010/config.html" target="_blank">page de configuration</a>.
      </div>
    </div>
  </div>
</body>
</html>

========================================


========================================
[EMAIL SENT - 2026-07-01T14:09:33.983Z]
Recipient: nnnx02@gmail.com
Subject: [SMTP FAIL] 🚨 ALERTE INVESTIR : Achat Spéculatif sur Pépite de la Bourse en Hauts-de-France : Genfit annonce de nouvelles avancées cliniques dans un cancer hépatique rare
Text Body:
Alertes d'Achat Spéculatif - Investir les Echos

1. Pépite de la Bourse en Hauts-de-France : Genfit annonce de nouvelles avancées cliniques dans un cancer hépatique rare
   Conseil : Achat spéculatif (Prix d'entrée: 10.88 EUR, Objectif: 15 EUR)
   Lien : https://investir.lesechos.fr/conseils-boursiers/conseils-actions/pepite-de-la-bourse-en-hauts-de-france-genfit-annonce-de-nouvelles-avancees-cliniques-dans-un-cancer-hepatique-rare-2240197
   Description : Le titre qui a doublé depuis le début de l'année devrait conserver des facteurs de soutien avec la publication des ventes semestrielles d'Iqirvo par Ipsen qui devrait annoncer de nouvelles données cliniques de phase 3 pour le produit permettant d'élargir son indication.


----------------------------------------
HTML Body (Raw):

<!DOCTYPE html>
<html>
<head>
  <meta charset="utf-8">
  <meta name="viewport" content="width=device-width, initial-scale=1.0">
  <title>Alerte Investir</title>
  <style>
    body {
      font-family: 'Segoe UI', Tahoma, Geneva, Verdana, sans-serif;
      background-color: #f4f6f8;
      color: #041624;
      margin: 0;
      padding: 0;
    }
    .wrapper {
      width: 100%;
      background-color: #f4f6f8;
      padding: 20px 0;
    }
    .container {
      max-width: 600px;
      margin: 0 auto;
      background-color: #ffffff;
      border-radius: 12px;
      overflow: hidden;
      box-shadow: 0 4px 15px rgba(0, 85, 165, 0.08);
      border: 1px solid #dce5f1;
    }
    .header {
      background-color: #082a44;
      background-image: linear-gradient(135deg, #082a44 0%, #1b74b3 100%);
      color: #ffffff;
      padding: 30px 24px;
      text-align: center;
    }
    .header h1 {
      margin: 0;
      font-size: 24px;
      font-weight: 700;
      letter-spacing: 0.5px;
    }
    .header p {
      margin: 8px 0 0 0;
      font-size: 14px;
      color: #b1c1d5;
    }
    .content {
      padding: 24px;
    }
    .intro {
      font-size: 16px;
      line-height: 1.5;
      margin-bottom: 24px;
    }
    .card {
      background-color: #f2f7ff;
      border-left: 4px solid #009f6a;
      border-radius: 4px 8px 8px 4px;
      padding: 20px;
      margin-bottom: 24px;
      border-top: 1px solid #dce5f1;
      border-right: 1px solid #dce5f1;
      border-bottom: 1px solid #dce5f1;
    }
    .card-title {
      font-size: 18px;
      font-weight: 700;
      color: #082a44;
      margin-top: 0;
      margin-bottom: 10px;
    }
    .badge {
      display: inline-block;
      background-color: #009f6a;
      color: #ffffff;
      font-size: 12px;
      font-weight: bold;
      padding: 4px 8px;
      border-radius: 4px;
      text-transform: uppercase;
      margin-bottom: 12px;
    }
    .details {
      font-size: 14px;
      margin-bottom: 12px;
      color: #315271;
    }
    .details span {
      font-weight: 600;
      color: #082a44;
    }
    .description {
      font-size: 14px;
      line-height: 1.5;
      color: #4f6c8d;
      background-color: #ffffff;
      padding: 12px;
      border-radius: 6px;
      border: 1px dashed #c7d3e3;
      margin-top: 12px;
    }
    .btn-container {
      text-align: center;
      margin-top: 20px;
    }
    .btn {
      display: inline-block;
      background-color: #1b74b3;
      color: #ffffff !important;
      text-decoration: none;
      padding: 12px 24px;
      font-size: 14px;
      font-weight: bold;
      border-radius: 30px;
      box-shadow: 0 4px 10px rgba(27, 116, 179, 0.2);
    }
    .footer {
      background-color: #f4f6f8;
      padding: 20px;
      text-align: center;
      font-size: 12px;
      color: #859db9;
      border-top: 1px solid #dce5f1;
    }
    .footer a {
      color: #1b74b3;
      text-decoration: none;
    }
  </style>
</head>
<body>
  <div class="wrapper">
    <div class="container">
      <div class="header">
        <h1>Opportunité Spéculative Détectée</h1>
        <p>Surveillance Investir - Les Echos</p>
      </div>
      <div class="content">
        <p class="intro">Bonjour,</p>
        <p class="intro">Le scraper automatique a détecté le(s) conseil(s) d'<strong>Achat Spéculatif</strong> suivant(s) sur le site d'Investir :</p>
        
        
          <div class="card">
            <span class="badge">Achat spéculatif</span>
            <h3 class="card-title">Pépite de la Bourse en Hauts-de-France : Genfit annonce de nouvelles avancées cliniques dans un cancer hépatique rare</h3>
            <div class="details">
              <div>📈 Conseil : <span>Achat spéculatif</span></div>
              <div>💰 Cours à la date du conseil : <span>10.88 EUR</span></div>
              <div>🎯 Objectif de cours : <span>15 EUR</span></div>
              <div>📅 Date : <span>01/07/2026 16:00</span></div>
            </div>
            <div class="description">
              <strong>Analyse de la rédaction :</strong><br>
              Le titre qui a doublé depuis le début de l'année devrait conserver des facteurs de soutien avec la publication des ventes semestrielles d'Iqirvo par Ipsen qui devrait annoncer de nouvelles données cliniques de phase 3 pour le produit permettant d'élargir son indication.
            </div>
            <div class="btn-container">
              <a href="https://investir.lesechos.fr/conseils-boursiers/conseils-actions/pepite-de-la-bourse-en-hauts-de-france-genfit-annonce-de-nouvelles-avancees-cliniques-dans-un-cancer-hepatique-rare-2240197" target="_blank" class="btn">Consulter l'article sur Investir</a>
            </div>
          </div>
        
        
      </div>
      <div class="footer">
        Cet e-mail a été envoyé automatiquement par le détecteur d'alertes Investir.<br>
        Vous pouvez modifier les paramètres de notification sur la <a href="http://localhost:3010/config.html" target="_blank">page de configuration</a>.
      </div>
    </div>
  </div>
</body>
</html>

========================================

